# JRE version: Java(TM) SE Runtime Environment (8.0_131-b11) (build 1.8.0_131-b11)
# Java VM: Java HotSpot(TM) Client VM (25.131-b11 mixed mode windows-x86 )
Heap:
 def new generation   total 29312K, used 19563K [0x04400000, 0x063c0000, 0x0eea0000)
  eden space 26112K,  62% used [0x04400000, 0x053fad48, 0x05d80000)
  from space 3200K, 100% used [0x060a0000, 0x063c0000, 0x063c0000)
  to   space 3200K,   0% used [0x05d80000, 0x05d80000, 0x060a0000)
 tenured generation   total 64800K, used 50580K [0x0eea0000, 0x12de8000, 0x24400000)
   the space 64800K,  78% used [0x0eea0000, 0x12005128, 0x12005200, 0x12de8000)
 Metaspace       used 38429K, capacity 39702K, committed 39808K, reserved 40320K
GC Heap History (10 events):
Event: 50.690 GC heap before
{Heap before GC invocations=103 (full 5):
 def new generation   total 29312K, used 28301K [0x04400000, 0x063c0000, 0x0eea0000)
  eden space 26112K, 100% used [0x04400000, 0x05d80000, 0x05d80000)
  from space 3200K,  68% used [0x05d80000, 0x05fa37b0, 0x060a0000)
  to   space 3200K,   0% used [0x060a0000, 0x060a0000, 0x063c0000)
 tenured generation   total 64800K, used 41082K [0x0eea0000, 0x12de8000, 0x24400000)
   the space 64800K,  63% used [0x0eea0000, 0x116bebd8, 0x116bec00, 0x12de8000)
 Metaspace       used 37236K, capacity 38440K, committed 38528K, reserved 39296K
Event: 50.705 GC heap after
Heap after GC invocations=104 (full 5):
 def new generation   total 29312K, used 3200K [0x04400000, 0x063c0000, 0x0eea0000)
  eden space 26112K,   0% used [0x04400000, 0x04400000, 0x05d80000)
  from space 3200K, 100% used [0x060a0000, 0x063c0000, 0x063c0000)
  to   space 3200K,   0% used [0x05d80000, 0x05d80000, 0x060a0000)
 tenured generation   total 64800K, used 43332K [0x0eea0000, 0x12de8000, 0x24400000)
   the space 64800K,  66% used [0x0eea0000, 0x118f10c0, 0x118f1200, 0x12de8000)
 Metaspace       used 37236K, capacity 38440K, committed 38528K, reserved 39296K
}
Event: 51.862 GC heap before
{Heap before GC invocations=104 (full 5):
 def new generation   total 29312K, used 29312K [0x04400000, 0x063c0000, 0x0eea0000)
  eden space 26112K, 100% used [0x04400000, 0x05d80000, 0x05d80000)
  from space 3200K, 100% used [0x060a0000, 0x063c0000, 0x063c0000)
  to   space 3200K,   0% used [0x05d80000, 0x05d80000, 0x060a0000)
 tenured generation   total 64800K, used 43332K [0x0eea0000, 0x12de8000, 0x24400000)
   the space 64800K,  66% used [0x0eea0000, 0x118f10c0, 0x118f1200, 0x12de8000)
 Metaspace       used 37236K, capacity 38440K, committed 38528K, reserved 39296K
Event: 51.872 GC heap after
Heap after GC invocations=105 (full 5):
 def new generation   total 29312K, used 428K [0x04400000, 0x063c0000, 0x0eea0000)
  eden space 26112K,   0% used [0x04400000, 0x04400000, 0x05d80000)
  from space 3200K,  13% used [0x05d80000, 0x05deb068, 0x060a0000)
  to   space 3200K,   0% used [0x060a0000, 0x060a0000, 0x063c0000)
 tenured generation   total 64800K, used 45658K [0x0eea0000, 0x12de8000, 0x24400000)
   the space 64800K,  70% used [0x0eea0000, 0x11b36ab0, 0x11b36c00, 0x12de8000)
 Metaspace       used 37236K, capacity 38440K, committed 38528K, reserved 39296K
}
Event: 52.600 GC heap before
{Heap before GC invocations=105 (full 5):
 def new generation   total 29312K, used 26540K [0x04400000, 0x063c0000, 0x0eea0000)
  eden space 26112K, 100% used [0x04400000, 0x05d80000, 0x05d80000)
  from space 3200K,  13% used [0x05d80000, 0x05deb068, 0x060a0000)
  to   space 3200K,   0% used [0x060a0000, 0x060a0000, 0x063c0000)
 tenured generation   total 64800K, used 45658K [0x0eea0000, 0x12de8000, 0x24400000)
   the space 64800K,  70% used [0x0eea0000, 0x11b36ab0, 0x11b36c00, 0x12de8000)
 Metaspace       used 37360K, capacity 38618K, committed 38656K, reserved 39296K
Event: 52.612 GC heap after
Heap after GC invocations=106 (full 5):
 def new generation   total 29312K, used 2712K [0x04400000, 0x063c0000, 0x0eea0000)
  eden space 26112K,   0% used [0x04400000, 0x04400000, 0x05d80000)
  from space 3200K,  84% used [0x060a0000, 0x063460c8, 0x063c0000)
  to   space 3200K,   0% used [0x05d80000, 0x05d80000, 0x060a0000)
 tenured generation   total 64800K, used 45658K [0x0eea0000, 0x12de8000, 0x24400000)
   the space 64800K,  70% used [0x0eea0000, 0x11b36ab0, 0x11b36c00, 0x12de8000)
 Metaspace       used 37360K, capacity 38618K, committed 38656K, reserved 39296K
}
Event: 56.102 GC heap before
{Heap before GC invocations=106 (full 5):
 def new generation   total 29312K, used 28824K [0x04400000, 0x063c0000, 0x0eea0000)
  eden space 26112K, 100% used [0x04400000, 0x05d80000, 0x05d80000)
  from space 3200K,  84% used [0x060a0000, 0x063460c8, 0x063c0000)
  to   space 3200K,   0% used [0x05d80000, 0x05d80000, 0x060a0000)
 tenured generation   total 64800K, used 45658K [0x0eea0000, 0x12de8000, 0x24400000)
   the space 64800K,  70% used [0x0eea0000, 0x11b36ab0, 0x11b36c00, 0x12de8000)
 Metaspace       used 38190K, capacity 39463K, committed 39552K, reserved 40320K
Event: 56.121 GC heap after
Heap after GC invocations=107 (full 5):
 def new generation   total 29312K, used 2523K [0x04400000, 0x063c0000, 0x0eea0000)
  eden space 26112K,   0% used [0x04400000, 0x04400000, 0x05d80000)
  from space 3200K,  78% used [0x05d80000, 0x05ff6fc0, 0x060a0000)
  to   space 3200K,   0% used [0x060a0000, 0x060a0000, 0x063c0000)
 tenured generation   total 64800K, used 48203K [0x0eea0000, 0x12de8000, 0x24400000)
   the space 64800K,  74% used [0x0eea0000, 0x11db2e60, 0x11db3000, 0x12de8000)
 Metaspace       used 38190K, capacity 39463K, committed 39552K, reserved 40320K
}
Event: 56.577 GC heap before
{Heap before GC invocations=107 (full 5):
 def new generation   total 29312K, used 28635K [0x04400000, 0x063c0000, 0x0eea0000)
  eden space 26112K, 100% used [0x04400000, 0x05d80000, 0x05d80000)
  from space 3200K,  78% used [0x05d80000, 0x05ff6fc0, 0x060a0000)
  to   space 3200K,   0% used [0x060a0000, 0x060a0000, 0x063c0000)
 tenured generation   total 64800K, used 48203K [0x0eea0000, 0x12de8000, 0x24400000)
   the space 64800K,  74% used [0x0eea0000, 0x11db2e60, 0x11db3000, 0x12de8000)
 Metaspace       used 38213K, capacity 39495K, committed 39552K, reserved 40320K
Event: 56.600 GC heap after
Heap after GC invocations=108 (full 5):
 def new generation   total 29312K, used 3200K [0x04400000, 0x063c0000, 0x0eea0000)
  eden space 26112K,   0% used [0x04400000, 0x04400000, 0x05d80000)
  from space 3200K, 100% used [0x060a0000, 0x063c0000, 0x063c0000)
  to   space 3200K,   0% used [0x05d80000, 0x05d80000, 0x060a0000)
 tenured generation   total 64800K, used 50580K [0x0eea0000, 0x12de8000, 0x24400000)
   the space 64800K,  78% used [0x0eea0000, 0x12005128, 0x12005200, 0x12de8000)
 Metaspace       used 38213K, capacity 39495K, committed 39552K, reserved 40320K
}

