# JRE version: Java(TM) SE Runtime Environment (8.0_131-b11) (build 1.8.0_131-b11)
# Java VM: Java HotSpot(TM) Client VM (25.131-b11 mixed mode windows-x86 )
Heap:
 def new generation   total 21312K, used 3654K [0x04000000, 0x05720000, 0x0eaa0000)
  eden space 18944K,   6% used [0x04000000, 0x04141be0, 0x05280000)
  from space 2368K, 100% used [0x054d0000, 0x05720000, 0x05720000)
  to   space 2368K,   0% used [0x05280000, 0x05280000, 0x054d0000)
 tenured generation   total 47156K, used 28714K [0x0eaa0000, 0x118ad000, 0x24000000)
   the space 47156K,  60% used [0x0eaa0000, 0x106aa928, 0x106aaa00, 0x118ad000)
 Metaspace       used 32029K, capacity 32910K, committed 33024K, reserved 33152K
GC Heap History (10 events):
Event: 8.975 GC heap before
{Heap before GC invocations=87 (full 3):
 def new generation   total 13376K, used 13376K [0x04000000, 0x04e80000, 0x0eaa0000)
  eden space 11904K, 100% used [0x04000000, 0x04ba0000, 0x04ba0000)
  from space 1472K, 100% used [0x04d10000, 0x04e80000, 0x04e80000)
  to   space 1472K,   0% used [0x04ba0000, 0x04ba0000, 0x04d10000)
 tenured generation   total 29444K, used 25833K [0x0eaa0000, 0x10761000, 0x24000000)
   the space 29444K,  87% used [0x0eaa0000, 0x103da730, 0x103da800, 0x10761000)
 Metaspace       used 31431K, capacity 32305K, committed 32384K, reserved 33152K
Event: 8.981 GC heap after
Heap after GC invocations=88 (full 3):
 def new generation   total 13376K, used 836K [0x04000000, 0x04e80000, 0x0eaa0000)
  eden space 11904K,   0% used [0x04000000, 0x04000000, 0x04ba0000)
  from space 1472K,  56% used [0x04ba0000, 0x04c712d0, 0x04d10000)
  to   space 1472K,   0% used [0x04d10000, 0x04d10000, 0x04e80000)
 tenured generation   total 29444K, used 26486K [0x0eaa0000, 0x10761000, 0x24000000)
   the space 29444K,  89% used [0x0eaa0000, 0x1047db68, 0x1047dc00, 0x10761000)
 Metaspace       used 31431K, capacity 32305K, committed 32384K, reserved 33152K
}
Event: 9.248 GC heap before
{Heap before GC invocations=88 (full 3):
 def new generation   total 13376K, used 12740K [0x04000000, 0x04e80000, 0x0eaa0000)
  eden space 11904K, 100% used [0x04000000, 0x04ba0000, 0x04ba0000)
  from space 1472K,  56% used [0x04ba0000, 0x04c712d0, 0x04d10000)
  to   space 1472K,   0% used [0x04d10000, 0x04d10000, 0x04e80000)
 tenured generation   total 29444K, used 26486K [0x0eaa0000, 0x10761000, 0x24000000)
   the space 29444K,  89% used [0x0eaa0000, 0x1047db68, 0x1047dc00, 0x10761000)
 Metaspace       used 31842K, capacity 32734K, committed 32768K, reserved 33152K
Event: 9.255 GC heap after
Heap after GC invocations=89 (full 3):
 def new generation   total 13376K, used 1116K [0x04000000, 0x04e80000, 0x0eaa0000)
  eden space 11904K,   0% used [0x04000000, 0x04000000, 0x04ba0000)
  from space 1472K,  75% used [0x04d10000, 0x04e272e0, 0x04e80000)
  to   space 1472K,   0% used [0x04ba0000, 0x04ba0000, 0x04d10000)
 tenured generation   total 29444K, used 27139K [0x0eaa0000, 0x10761000, 0x24000000)
   the space 29444K,  92% used [0x0eaa0000, 0x10520e90, 0x10521000, 0x10761000)
 Metaspace       used 31842K, capacity 32734K, committed 32768K, reserved 33152K
}
Event: 9.400 GC heap before
{Heap before GC invocations=89 (full 3):
 def new generation   total 13376K, used 12915K [0x04000000, 0x04e80000, 0x0eaa0000)
  eden space 11904K,  99% used [0x04000000, 0x04b85a38, 0x04ba0000)
  from space 1472K,  75% used [0x04d10000, 0x04e272e0, 0x04e80000)
  to   space 1472K,   0% used [0x04ba0000, 0x04ba0000, 0x04d10000)
 tenured generation   total 29444K, used 27139K [0x0eaa0000, 0x10761000, 0x24000000)
   the space 29444K,  92% used [0x0eaa0000, 0x10520e90, 0x10521000, 0x10761000)
 Metaspace       used 31864K, capacity 32766K, committed 32768K, reserved 33152K
Event: 9.405 GC heap after
Heap after GC invocations=90 (full 3):
 def new generation   total 13376K, used 1162K [0x04000000, 0x04e80000, 0x0eaa0000)
  eden space 11904K,   0% used [0x04000000, 0x04000000, 0x04ba0000)
  from space 1472K,  78% used [0x04ba0000, 0x04cc29f8, 0x04d10000)
  to   space 1472K,   0% used [0x04d10000, 0x04d10000, 0x04e80000)
 tenured generation   total 29444K, used 27753K [0x0eaa0000, 0x10761000, 0x24000000)
   the space 29444K,  94% used [0x0eaa0000, 0x105ba5f0, 0x105ba600, 0x10761000)
 Metaspace       used 31864K, capacity 32766K, committed 32768K, reserved 33152K
}
Event: 9.516 GC heap before
{Heap before GC invocations=90 (full 3):
 def new generation   total 13376K, used 13066K [0x04000000, 0x04e80000, 0x0eaa0000)
  eden space 11904K, 100% used [0x04000000, 0x04ba0000, 0x04ba0000)
  from space 1472K,  78% used [0x04ba0000, 0x04cc29f8, 0x04d10000)
  to   space 1472K,   0% used [0x04d10000, 0x04d10000, 0x04e80000)
 tenured generation   total 29444K, used 27753K [0x0eaa0000, 0x10761000, 0x24000000)
   the space 29444K,  94% used [0x0eaa0000, 0x105ba5f0, 0x105ba600, 0x10761000)
 Metaspace       used 31864K, capacity 32766K, committed 32768K, reserved 33152K
Event: 9.678 GC heap after
Heap after GC invocations=91 (full 4):
 def new generation   total 21312K, used 0K [0x04000000, 0x05720000, 0x0eaa0000)
  eden space 18944K,   0% used [0x04000000, 0x04000000, 0x05280000)
  from space 2368K,   0% used [0x05280000, 0x05280000, 0x054d0000)
  to   space 2368K,   0% used [0x054d0000, 0x054d0000, 0x05720000)
 tenured generation   total 47156K, used 28292K [0x0eaa0000, 0x118ad000, 0x24000000)
   the space 47156K,  59% used [0x0eaa0000, 0x106410d8, 0x10641200, 0x118ad000)
 Metaspace       used 31821K, capacity 32706K, committed 32768K, reserved 33152K
}
Event: 10.998 GC heap before
{Heap before GC invocations=91 (full 4):
 def new generation   total 21312K, used 18680K [0x04000000, 0x05720000, 0x0eaa0000)
  eden space 18944K,  98% used [0x04000000, 0x0523e2b0, 0x05280000)
  from space 2368K,   0% used [0x05280000, 0x05280000, 0x054d0000)
  to   space 2368K,   0% used [0x054d0000, 0x054d0000, 0x05720000)
 tenured generation   total 47156K, used 28292K [0x0eaa0000, 0x118ad000, 0x24000000)
   the space 47156K,  59% used [0x0eaa0000, 0x106410d8, 0x10641200, 0x118ad000)
 Metaspace       used 31977K, capacity 32876K, committed 33024K, reserved 33152K
Event: 11.009 GC heap after
Heap after GC invocations=92 (full 4):
 def new generation   total 21312K, used 2368K [0x04000000, 0x05720000, 0x0eaa0000)
  eden space 18944K,   0% used [0x04000000, 0x04000000, 0x05280000)
  from space 2368K, 100% used [0x054d0000, 0x05720000, 0x05720000)
  to   space 2368K,   0% used [0x05280000, 0x05280000, 0x054d0000)
 tenured generation   total 47156K, used 28714K [0x0eaa0000, 0x118ad000, 0x24000000)
   the space 47156K,  60% used [0x0eaa0000, 0x106aa928, 0x106aaa00, 0x118ad000)
 Metaspace       used 31977K, capacity 32876K, committed 33024K, reserved 33152K
}

