# JRE version: Java(TM) SE Runtime Environment (8.0_131-b11) (build 1.8.0_131-b11)
# Java VM: Java HotSpot(TM) Client VM (25.131-b11 mixed mode windows-x86 )
Heap:
 def new generation   total 21568K, used 18818K [0x04000000, 0x05760000, 0x0eaa0000)
  eden space 19200K,  98% used [0x04000000, 0x05260be8, 0x052c0000)
  from space 2368K,   0% used [0x052c0000, 0x052c0000, 0x05510000)
  to   space 2368K,   0% used [0x05510000, 0x05510000, 0x05760000)
 tenured generation   total 47584K, used 28548K [0x0eaa0000, 0x11918000, 0x24000000)
   the space 47584K,  59% used [0x0eaa0000, 0x106813f8, 0x10681400, 0x11918000)
 Metaspace       used 32099K, capacity 32988K, committed 33024K, reserved 33152K
GC Heap History (10 events):
Event: 7.853 GC heap before
{Heap before GC invocations=86 (full 3):
 def new generation   total 13376K, used 13188K [0x04000000, 0x04e80000, 0x0eaa0000)
  eden space 11904K,  99% used [0x04000000, 0x04b9f3b8, 0x04ba0000)
  from space 1472K,  87% used [0x04ba0000, 0x04ce1e30, 0x04d10000)
  to   space 1472K,   0% used [0x04d10000, 0x04d10000, 0x04e80000)
 tenured generation   total 29464K, used 24665K [0x0eaa0000, 0x10766000, 0x24000000)
   the space 29464K,  83% used [0x0eaa0000, 0x102b6510, 0x102b6600, 0x10766000)
 Metaspace       used 31340K, capacity 32175K, committed 32256K, reserved 33152K
Event: 7.861 GC heap after
Heap after GC invocations=87 (full 3):
 def new generation   total 13376K, used 1471K [0x04000000, 0x04e80000, 0x0eaa0000)
  eden space 11904K,   0% used [0x04000000, 0x04000000, 0x04ba0000)
  from space 1472K,  99% used [0x04d10000, 0x04e7fff8, 0x04e80000)
  to   space 1472K,   0% used [0x04ba0000, 0x04ba0000, 0x04d10000)
 tenured generation   total 29464K, used 25563K [0x0eaa0000, 0x10766000, 0x24000000)
   the space 29464K,  86% used [0x0eaa0000, 0x10396da0, 0x10396e00, 0x10766000)
 Metaspace       used 31340K, capacity 32175K, committed 32256K, reserved 33152K
}
Event: 8.182 GC heap before
{Heap before GC invocations=87 (full 3):
 def new generation   total 13376K, used 13375K [0x04000000, 0x04e80000, 0x0eaa0000)
  eden space 11904K, 100% used [0x04000000, 0x04ba0000, 0x04ba0000)
  from space 1472K,  99% used [0x04d10000, 0x04e7fff8, 0x04e80000)
  to   space 1472K,   0% used [0x04ba0000, 0x04ba0000, 0x04d10000)
 tenured generation   total 29464K, used 25563K [0x0eaa0000, 0x10766000, 0x24000000)
   the space 29464K,  86% used [0x0eaa0000, 0x10396da0, 0x10396e00, 0x10766000)
 Metaspace       used 31476K, capacity 32357K, committed 32384K, reserved 33152K
Event: 8.189 GC heap after
Heap after GC invocations=88 (full 3):
 def new generation   total 13376K, used 786K [0x04000000, 0x04e80000, 0x0eaa0000)
  eden space 11904K,   0% used [0x04000000, 0x04000000, 0x04ba0000)
  from space 1472K,  53% used [0x04ba0000, 0x04c648d8, 0x04d10000)
  to   space 1472K,   0% used [0x04d10000, 0x04d10000, 0x04e80000)
 tenured generation   total 29464K, used 26291K [0x0eaa0000, 0x10766000, 0x24000000)
   the space 29464K,  89% used [0x0eaa0000, 0x1044cfb0, 0x1044d000, 0x10766000)
 Metaspace       used 31476K, capacity 32357K, committed 32384K, reserved 33152K
}
Event: 8.434 GC heap before
{Heap before GC invocations=88 (full 3):
 def new generation   total 13376K, used 12690K [0x04000000, 0x04e80000, 0x0eaa0000)
  eden space 11904K, 100% used [0x04000000, 0x04ba0000, 0x04ba0000)
  from space 1472K,  53% used [0x04ba0000, 0x04c648d8, 0x04d10000)
  to   space 1472K,   0% used [0x04d10000, 0x04d10000, 0x04e80000)
 tenured generation   total 29464K, used 26291K [0x0eaa0000, 0x10766000, 0x24000000)
   the space 29464K,  89% used [0x0eaa0000, 0x1044cfb0, 0x1044d000, 0x10766000)
 Metaspace       used 31868K, capacity 32751K, committed 32768K, reserved 33152K
Event: 8.441 GC heap after
Heap after GC invocations=89 (full 3):
 def new generation   total 13376K, used 1086K [0x04000000, 0x04e80000, 0x0eaa0000)
  eden space 11904K,   0% used [0x04000000, 0x04000000, 0x04ba0000)
  from space 1472K,  73% used [0x04d10000, 0x04e1fa60, 0x04e80000)
  to   space 1472K,   0% used [0x04ba0000, 0x04ba0000, 0x04d10000)
 tenured generation   total 29464K, used 26875K [0x0eaa0000, 0x10766000, 0x24000000)
   the space 29464K,  91% used [0x0eaa0000, 0x104dece8, 0x104dee00, 0x10766000)
 Metaspace       used 31868K, capacity 32751K, committed 32768K, reserved 33152K
}
Event: 8.592 GC heap before
{Heap before GC invocations=89 (full 3):
 def new generation   total 13376K, used 12990K [0x04000000, 0x04e80000, 0x0eaa0000)
  eden space 11904K, 100% used [0x04000000, 0x04ba0000, 0x04ba0000)
  from space 1472K,  73% used [0x04d10000, 0x04e1fa60, 0x04e80000)
  to   space 1472K,   0% used [0x04ba0000, 0x04ba0000, 0x04d10000)
 tenured generation   total 29464K, used 26875K [0x0eaa0000, 0x10766000, 0x24000000)
   the space 29464K,  91% used [0x0eaa0000, 0x104dece8, 0x104dee00, 0x10766000)
 Metaspace       used 31891K, capacity 32783K, committed 32896K, reserved 33152K
Event: 8.598 GC heap after
Heap after GC invocations=90 (full 3):
 def new generation   total 13376K, used 1472K [0x04000000, 0x04e80000, 0x0eaa0000)
  eden space 11904K,   0% used [0x04000000, 0x04000000, 0x04ba0000)
  from space 1472K, 100% used [0x04ba0000, 0x04d10000, 0x04d10000)
  to   space 1472K,   0% used [0x04d10000, 0x04d10000, 0x04e80000)
 tenured generation   total 29464K, used 27504K [0x0eaa0000, 0x10766000, 0x24000000)
   the space 29464K,  93% used [0x0eaa0000, 0x1057c1a0, 0x1057c200, 0x10766000)
 Metaspace       used 31891K, capacity 32783K, committed 32896K, reserved 33152K
}
Event: 8.696 GC heap before
{Heap before GC invocations=90 (full 3):
 def new generation   total 13376K, used 13376K [0x04000000, 0x04e80000, 0x0eaa0000)
  eden space 11904K, 100% used [0x04000000, 0x04ba0000, 0x04ba0000)
  from space 1472K, 100% used [0x04ba0000, 0x04d10000, 0x04d10000)
  to   space 1472K,   0% used [0x04d10000, 0x04d10000, 0x04e80000)
 tenured generation   total 29464K, used 27504K [0x0eaa0000, 0x10766000, 0x24000000)
   the space 29464K,  93% used [0x0eaa0000, 0x1057c1a0, 0x1057c200, 0x10766000)
 Metaspace       used 31891K, capacity 32783K, committed 32896K, reserved 33152K
Event: 8.825 GC heap after
Heap after GC invocations=91 (full 4):
 def new generation   total 21568K, used 0K [0x04000000, 0x05760000, 0x0eaa0000)
  eden space 19200K,   0% used [0x04000000, 0x04000000, 0x052c0000)
  from space 2368K,   0% used [0x052c0000, 0x052c0000, 0x05510000)
  to   space 2368K,   0% used [0x05510000, 0x05510000, 0x05760000)
 tenured generation   total 47584K, used 28548K [0x0eaa0000, 0x11918000, 0x24000000)
   the space 47584K,  59% used [0x0eaa0000, 0x106813f8, 0x10681400, 0x11918000)
 Metaspace       used 31891K, capacity 32783K, committed 32896K, reserved 33152K
}

